Internal Server Error: /media/default-profile.jpg
Traceback (most recent call last):
  File "D:\final\venv\Lib\site-packages\django\core\handlers\exception.py", line 55, in inner
    response = get_response(request)
               ^^^^^^^^^^^^^^^^^^^^^
  File "D:\final\venv\Lib\site-packages\django\utils\deprecation.py", line 136, in __call__
    response = self.process_response(request, response)
               ^^^^^^^^^^^^^^^^^^^^^^^^^^^^^^^^^^^^^^^^
  File "D:\final\venv\Lib\site-packages\django\middleware\common.py", line 113, in process_response
    response.headers["Content-Length"] = str(len(response.content))
                                                 ^^^^^^^^^^^^^^^^
  File "D:\final\venv\Lib\site-packages\django\template\response.py", line 135, in content
    raise ContentNotRenderedError(
django.template.response.ContentNotRenderedError: The response content must be rendered before it can be accessed.
"GET /media/default-profile.jpg HTTP/1.1" 500 70109
Internal Server Error: /media/default-profile.jpg
Traceback (most recent call last):
  File "D:\final\venv\Lib\site-packages\django\core\handlers\exception.py", line 55, in inner
    response = get_response(request)
               ^^^^^^^^^^^^^^^^^^^^^
  File "D:\final\venv\Lib\site-packages\django\utils\deprecation.py", line 136, in __call__
    response = self.process_response(request, response)
               ^^^^^^^^^^^^^^^^^^^^^^^^^^^^^^^^^^^^^^^^
  File "D:\final\venv\Lib\site-packages\django\middleware\common.py", line 113, in process_response
    response.headers["Content-Length"] = str(len(response.content))
                                                 ^^^^^^^^^^^^^^^^
  File "D:\final\venv\Lib\site-packages\django\template\response.py", line 135, in content
    raise ContentNotRenderedError(
django.template.response.ContentNotRenderedError: The response content must be rendered before it can be accessed.
"GET /media/default-profile.jpg HTTP/1.1" 500 70109
Internal Server Error: /media/default-profile.jpg
Traceback (most recent call last):
  File "D:\final\venv\Lib\site-packages\django\core\handlers\exception.py", line 55, in inner
    response = get_response(request)
               ^^^^^^^^^^^^^^^^^^^^^
  File "D:\final\venv\Lib\site-packages\django\utils\deprecation.py", line 136, in __call__
    response = self.process_response(request, response)
               ^^^^^^^^^^^^^^^^^^^^^^^^^^^^^^^^^^^^^^^^
  File "D:\final\venv\Lib\site-packages\django\middleware\common.py", line 113, in process_response
    response.headers["Content-Length"] = str(len(response.content))
                                                 ^^^^^^^^^^^^^^^^
  File "D:\final\venv\Lib\site-packages\django\template\response.py", line 135, in content
    raise ContentNotRenderedError(
django.template.response.ContentNotRenderedError: The response content must be rendered before it can be accessed.
"GET /media/default-profile.jpg HTTP/1.1" 500 70246
Internal Server Error: /media/default-profile.jpg
Traceback (most recent call last):
  File "D:\final\venv\Lib\site-packages\django\core\handlers\exception.py", line 55, in inner
    response = get_response(request)
               ^^^^^^^^^^^^^^^^^^^^^
  File "D:\final\venv\Lib\site-packages\django\utils\deprecation.py", line 136, in __call__
    response = self.process_response(request, response)
               ^^^^^^^^^^^^^^^^^^^^^^^^^^^^^^^^^^^^^^^^
  File "D:\final\venv\Lib\site-packages\django\middleware\common.py", line 113, in process_response
    response.headers["Content-Length"] = str(len(response.content))
                                                 ^^^^^^^^^^^^^^^^
  File "D:\final\venv\Lib\site-packages\django\template\response.py", line 135, in content
    raise ContentNotRenderedError(
django.template.response.ContentNotRenderedError: The response content must be rendered before it can be accessed.
"GET /media/default-profile.jpg HTTP/1.1" 500 70109
Internal Server Error: /media/default-profile.jpg
Traceback (most recent call last):
  File "D:\final\venv\Lib\site-packages\django\core\handlers\exception.py", line 55, in inner
    response = get_response(request)
               ^^^^^^^^^^^^^^^^^^^^^
  File "D:\final\venv\Lib\site-packages\django\utils\deprecation.py", line 136, in __call__
    response = self.process_response(request, response)
               ^^^^^^^^^^^^^^^^^^^^^^^^^^^^^^^^^^^^^^^^
  File "D:\final\venv\Lib\site-packages\django\middleware\common.py", line 113, in process_response
    response.headers["Content-Length"] = str(len(response.content))
                                                 ^^^^^^^^^^^^^^^^
  File "D:\final\venv\Lib\site-packages\django\template\response.py", line 135, in content
    raise ContentNotRenderedError(
django.template.response.ContentNotRenderedError: The response content must be rendered before it can be accessed.
"GET /media/default-profile.jpg HTTP/1.1" 500 70109
Internal Server Error: /media/default-profile.jpg
Traceback (most recent call last):
  File "D:\final\venv\Lib\site-packages\django\core\handlers\exception.py", line 55, in inner
    response = get_response(request)
               ^^^^^^^^^^^^^^^^^^^^^
  File "D:\final\venv\Lib\site-packages\django\utils\deprecation.py", line 136, in __call__
    response = self.process_response(request, response)
               ^^^^^^^^^^^^^^^^^^^^^^^^^^^^^^^^^^^^^^^^
  File "D:\final\venv\Lib\site-packages\django\middleware\common.py", line 113, in process_response
    response.headers["Content-Length"] = str(len(response.content))
                                                 ^^^^^^^^^^^^^^^^
  File "D:\final\venv\Lib\site-packages\django\template\response.py", line 135, in content
    raise ContentNotRenderedError(
django.template.response.ContentNotRenderedError: The response content must be rendered before it can be accessed.
"GET /media/default-profile.jpg HTTP/1.1" 500 70118
Internal Server Error: /media/default-profile.jpg
Traceback (most recent call last):
  File "D:\final\venv\Lib\site-packages\django\core\handlers\exception.py", line 55, in inner
    response = get_response(request)
               ^^^^^^^^^^^^^^^^^^^^^
  File "D:\final\venv\Lib\site-packages\django\utils\deprecation.py", line 136, in __call__
    response = self.process_response(request, response)
               ^^^^^^^^^^^^^^^^^^^^^^^^^^^^^^^^^^^^^^^^
  File "D:\final\venv\Lib\site-packages\django\middleware\common.py", line 113, in process_response
    response.headers["Content-Length"] = str(len(response.content))
                                                 ^^^^^^^^^^^^^^^^
  File "D:\final\venv\Lib\site-packages\django\template\response.py", line 135, in content
    raise ContentNotRenderedError(
django.template.response.ContentNotRenderedError: The response content must be rendered before it can be accessed.
"GET /media/default-profile.jpg HTTP/1.1" 500 70255
Internal Server Error: /media/default-profile.jpg
Traceback (most recent call last):
  File "D:\final\venv\Lib\site-packages\django\core\handlers\exception.py", line 55, in inner
    response = get_response(request)
               ^^^^^^^^^^^^^^^^^^^^^
  File "D:\final\venv\Lib\site-packages\django\utils\deprecation.py", line 136, in __call__
    response = self.process_response(request, response)
               ^^^^^^^^^^^^^^^^^^^^^^^^^^^^^^^^^^^^^^^^
  File "D:\final\venv\Lib\site-packages\django\middleware\common.py", line 113, in process_response
    response.headers["Content-Length"] = str(len(response.content))
                                                 ^^^^^^^^^^^^^^^^
  File "D:\final\venv\Lib\site-packages\django\template\response.py", line 135, in content
    raise ContentNotRenderedError(
django.template.response.ContentNotRenderedError: The response content must be rendered before it can be accessed.
"GET /media/default-profile.jpg HTTP/1.1" 500 70109
